<?xml version="1.0" encoding="UTF-8"?>
<!-- Generated by org.testng.reporters.JUnitReportReporter -->
<testsuite hostname="ATMECSINLT-013" failures="0" tests="1" name="com.amazon.testscripts.page1" time="14.865" errors="0" timestamp="06 Sep 2019 14:00:04 GMT" skipped="0">
  <testcase classname="com.amazon.testscripts.page1" name="page" time="14.865"/>
</testsuite> <!-- com.amazon.testscripts.page1 -->
